Arguments: 
  /usr/local/bin/node /usr/local/bin/yarn add webpack webpack-cli webpack-dev-server --dev

PATH: 
  /Users/Star/Tools/flutter/bin:/usr/local/php5/bin:/usr/local/bin:/usr/bin:/bin:/usr/sbin:/sbin:/usr/local/share/dotnet:~/.dotnet/tools:/usr/local/go/bin:/Library/Frameworks/Mono.framework/Versions/Current/Commands:/Users/Star/Tools/flutter/bin:/usr/local/php5/bin:/Users/Star/golang/bin:/Users/Star/golang/bin

Yarn version: 
  1.22.4

Node version: 
  12.18.2

Platform: 
  darwin x64

Trace: 
  Error: ENOENT: no such file or directory, copyfile '/Users/Star/Library/Caches/Yarn/v6/npm-is-stream-1.1.0-12d4a3dd4e68e0b79ceb8dbc84173ae80d91ca44-integrity/node_modules/is-stream/index.js' -> '/Users/Star/study/common-fun/examples/node_modules/default-gateway/node_modules/is-stream/index.js'

npm manifest: 
  {
    "name": "common_util",
    "version": "1.0.0",
    "description": "common util",
    "main": "index.js",
    "scripts": {
      "test": "echo \"Error: no test specified\" && exit 1",
      "start": "webpack-dev-server --open",
      "build": "webpack --config webpack.config.js"
    },
    "keywords": [
      "util"
    ],
    "author": "star",
    "license": "ISC",
    "devDependencies": {
      "babel-loader": "^8.2.1",
      "clean-webpack-plugin": "^3.0.0",
      "html-webpack-plugin": "^4.5.0",
      "webpack": "^5.4.0",
      "webpack-cli": "^4.2.0",
      "webpack-dev-server": "^3.11.0"
    }
  }

yarn manifest: 
  No manifest

Lockfile: 
  No lockfile
